13:58:44.260 [main]DEBUG io.netty.util.internal.logging.InternalLoggerFactory - Using Log4J2 as the default logging framework
13:58:44.287 [main]DEBUG io.netty.util.ResourceLeakDetector - -Dio.netty.leakDetection.level: simple
13:58:44.288 [main]DEBUG io.netty.util.ResourceLeakDetector - -Dio.netty.leakDetection.targetRecords: 4
13:58:44.316 [main]DEBUG io.netty.util.ResourceLeakDetectorFactory - Loaded default ResourceLeakDetector: io.netty.util.ResourceLeakDetector@602c4656
13:58:44.364 [main]DEBUG io.netty.util.internal.PlatformDependent0 - -Dio.netty.noUnsafe: false
13:58:44.365 [main]DEBUG io.netty.util.internal.PlatformDependent0 - Java version: 17
13:58:44.367 [main]DEBUG io.netty.util.internal.PlatformDependent0 - sun.misc.Unsafe.theUnsafe: available
13:58:44.370 [main]DEBUG io.netty.util.internal.PlatformDependent0 - sun.misc.Unsafe.copyMemory: available
13:58:44.371 [main]DEBUG io.netty.util.internal.PlatformDependent0 - sun.misc.Unsafe.storeFence: available
13:58:44.373 [main]DEBUG io.netty.util.internal.PlatformDependent0 - java.nio.Buffer.address: available
13:58:44.375 [main]DEBUG io.netty.util.internal.PlatformDependent0 - direct buffer constructor: unavailable
java.lang.UnsupportedOperationException: Reflective setAccessible(true) disabled
	at io.netty.util.internal.ReflectionUtil.trySetAccessible(ReflectionUtil.java:31) ~[netty-common-4.1.84.Final.jar:4.1.84.Final]
	at io.netty.util.internal.PlatformDependent0$5.run(PlatformDependent0.java:288) ~[netty-common-4.1.84.Final.jar:4.1.84.Final]
	at java.security.AccessController.doPrivileged(AccessController.java:318) ~[?:?]
	at io.netty.util.internal.PlatformDependent0.<clinit>(PlatformDependent0.java:282) ~[netty-common-4.1.84.Final.jar:4.1.84.Final]
	at io.netty.util.internal.PlatformDependent.isAndroid(PlatformDependent.java:333) ~[netty-common-4.1.84.Final.jar:4.1.84.Final]
	at io.netty.util.internal.PlatformDependent.<clinit>(PlatformDependent.java:88) ~[netty-common-4.1.84.Final.jar:4.1.84.Final]
	at io.netty.util.HashedWheelTimer.<init>(HashedWheelTimer.java:114) ~[netty-common-4.1.84.Final.jar:4.1.84.Final]
	at io.netty.util.HashedWheelTimer.<init>(HashedWheelTimer.java:251) ~[netty-common-4.1.84.Final.jar:4.1.84.Final]
	at io.netty.util.HashedWheelTimer.<init>(HashedWheelTimer.java:224) ~[netty-common-4.1.84.Final.jar:4.1.84.Final]
	at io.netty.util.HashedWheelTimer.<init>(HashedWheelTimer.java:203) ~[netty-common-4.1.84.Final.jar:4.1.84.Final]
	at org.asynchttpclient.DefaultAsyncHttpClient.newNettyTimer(DefaultAsyncHttpClient.java:111) ~[async-http-client-2.12.3.jar:?]
	at org.asynchttpclient.DefaultAsyncHttpClient.<init>(DefaultAsyncHttpClient.java:90) ~[async-http-client-2.12.3.jar:?]
	at org.asynchttpclient.Dsl.asyncHttpClient(Dsl.java:32) ~[async-http-client-2.12.3.jar:?]
	at org.openqa.selenium.remote.http.netty.NettyClient.createHttpClient(NettyClient.java:94) ~[selenium-remote-driver-4.7.1.jar:?]
	at org.openqa.selenium.remote.http.netty.NettyClient.<clinit>(NettyClient.java:47) ~[selenium-remote-driver-4.7.1.jar:?]
	at org.openqa.selenium.remote.http.netty.NettyClient$Factory.createClient(NettyClient.java:135) ~[selenium-remote-driver-4.7.1.jar:?]
	at org.openqa.selenium.remote.HttpCommandExecutor.<init>(HttpCommandExecutor.java:107) ~[selenium-remote-driver-4.7.1.jar:?]
	at org.openqa.selenium.remote.HttpCommandExecutor.<init>(HttpCommandExecutor.java:94) ~[selenium-remote-driver-4.7.1.jar:?]
	at org.openqa.selenium.remote.HttpCommandExecutor.<init>(HttpCommandExecutor.java:85) ~[selenium-remote-driver-4.7.1.jar:?]
	at org.openqa.selenium.remote.service.DriverCommandExecutor.<init>(DriverCommandExecutor.java:80) ~[selenium-remote-driver-4.7.1.jar:?]
	at org.openqa.selenium.chromium.ChromiumDriverCommandExecutor.<init>(ChromiumDriverCommandExecutor.java:35) ~[selenium-chromium-driver-4.7.1.jar:?]
	at org.openqa.selenium.chrome.ChromeDriver$ChromeDriverCommandExecutor.<init>(ChromeDriver.java:93) ~[selenium-chrome-driver-4.7.1.jar:?]
	at org.openqa.selenium.chrome.ChromeDriver.<init>(ChromeDriver.java:81) ~[selenium-chrome-driver-4.7.1.jar:?]
	at org.openqa.selenium.chrome.ChromeDriver.<init>(ChromeDriver.java:70) ~[selenium-chrome-driver-4.7.1.jar:?]
	at commoc_methods.CommonMethods.lauchingBrowser(CommonMethods.java:105) ~[classes/:?]
	at common_reports.CommonTemplet.browser(CommonTemplet.java:44) ~[classes/:?]
	at jdk.internal.reflect.NativeMethodAccessorImpl.invoke0(Native Method) ~[?:?]
	at jdk.internal.reflect.NativeMethodAccessorImpl.invoke(NativeMethodAccessorImpl.java:77) ~[?:?]
	at jdk.internal.reflect.DelegatingMethodAccessorImpl.invoke(DelegatingMethodAccessorImpl.java:43) ~[?:?]
	at java.lang.reflect.Method.invoke(Method.java:568) ~[?:?]
	at org.testng.internal.invokers.MethodInvocationHelper.invokeMethod(MethodInvocationHelper.java:139) ~[testng-7.7.0.jar:7.7.0]
	at org.testng.internal.invokers.MethodInvocationHelper.invokeMethodConsideringTimeout(MethodInvocationHelper.java:69) ~[testng-7.7.0.jar:7.7.0]
	at org.testng.internal.invokers.ConfigInvoker.invokeConfigurationMethod(ConfigInvoker.java:361) ~[testng-7.7.0.jar:7.7.0]
	at org.testng.internal.invokers.ConfigInvoker.invokeConfigurations(ConfigInvoker.java:296) ~[testng-7.7.0.jar:7.7.0]
	at org.testng.internal.invokers.TestMethodWorker.invokeBeforeClassMethods(TestMethodWorker.java:180) ~[testng-7.7.0.jar:7.7.0]
	at org.testng.internal.invokers.TestMethodWorker.run(TestMethodWorker.java:122) ~[testng-7.7.0.jar:7.7.0]
	at java.util.ArrayList.forEach(ArrayList.java:1511) ~[?:?]
	at org.testng.TestRunner.privateRun(TestRunner.java:829) ~[testng-7.7.0.jar:7.7.0]
	at org.testng.TestRunner.run(TestRunner.java:602) ~[testng-7.7.0.jar:7.7.0]
	at org.testng.SuiteRunner.runTest(SuiteRunner.java:437) ~[testng-7.7.0.jar:7.7.0]
	at org.testng.SuiteRunner.runSequentially(SuiteRunner.java:431) ~[testng-7.7.0.jar:7.7.0]
	at org.testng.SuiteRunner.privateRun(SuiteRunner.java:391) ~[testng-7.7.0.jar:7.7.0]
	at org.testng.SuiteRunner.run(SuiteRunner.java:330) ~[testng-7.7.0.jar:7.7.0]
	at org.testng.SuiteRunnerWorker.runSuite(SuiteRunnerWorker.java:52) ~[testng-7.7.0.jar:7.7.0]
	at org.testng.SuiteRunnerWorker.run(SuiteRunnerWorker.java:95) ~[testng-7.7.0.jar:7.7.0]
	at org.testng.TestNG.runSuitesSequentially(TestNG.java:1256) ~[testng-7.7.0.jar:7.7.0]
	at org.testng.TestNG.runSuitesLocally(TestNG.java:1176) ~[testng-7.7.0.jar:7.7.0]
	at org.testng.TestNG.runSuites(TestNG.java:1099) ~[testng-7.7.0.jar:7.7.0]
	at org.testng.TestNG.run(TestNG.java:1067) ~[testng-7.7.0.jar:7.7.0]
	at org.testng.remote.AbstractRemoteTestNG.run(AbstractRemoteTestNG.java:115) ~[testng-remote.jar:?]
	at org.testng.remote.RemoteTestNG.initAndRun(RemoteTestNG.java:251) ~[testng-remote.jar:?]
	at org.testng.remote.RemoteTestNG.main(RemoteTestNG.java:77) ~[testng-remote.jar:?]
13:58:44.477 [main]DEBUG io.netty.util.internal.PlatformDependent0 - java.nio.Bits.unaligned: available, true
13:58:44.481 [main]DEBUG io.netty.util.internal.PlatformDependent0 - jdk.internal.misc.Unsafe.allocateUninitializedArray(int): unavailable
java.lang.IllegalAccessException: class io.netty.util.internal.PlatformDependent0$7 cannot access class jdk.internal.misc.Unsafe (in module java.base) because module java.base does not export jdk.internal.misc to unnamed module @402a079c
	at jdk.internal.reflect.Reflection.newIllegalAccessException(Reflection.java:392) ~[?:?]
	at java.lang.reflect.AccessibleObject.checkAccess(AccessibleObject.java:674) ~[?:?]
	at java.lang.reflect.Method.invoke(Method.java:560) ~[?:?]
	at io.netty.util.internal.PlatformDependent0$7.run(PlatformDependent0.java:410) ~[netty-common-4.1.84.Final.jar:4.1.84.Final]
	at java.security.AccessController.doPrivileged(AccessController.java:318) ~[?:?]
	at io.netty.util.internal.PlatformDependent0.<clinit>(PlatformDependent0.java:401) ~[netty-common-4.1.84.Final.jar:4.1.84.Final]
	at io.netty.util.internal.PlatformDependent.isAndroid(PlatformDependent.java:333) ~[netty-common-4.1.84.Final.jar:4.1.84.Final]
	at io.netty.util.internal.PlatformDependent.<clinit>(PlatformDependent.java:88) ~[netty-common-4.1.84.Final.jar:4.1.84.Final]
	at io.netty.util.HashedWheelTimer.<init>(HashedWheelTimer.java:114) ~[netty-common-4.1.84.Final.jar:4.1.84.Final]
	at io.netty.util.HashedWheelTimer.<init>(HashedWheelTimer.java:251) ~[netty-common-4.1.84.Final.jar:4.1.84.Final]
	at io.netty.util.HashedWheelTimer.<init>(HashedWheelTimer.java:224) ~[netty-common-4.1.84.Final.jar:4.1.84.Final]
	at io.netty.util.HashedWheelTimer.<init>(HashedWheelTimer.java:203) ~[netty-common-4.1.84.Final.jar:4.1.84.Final]
	at org.asynchttpclient.DefaultAsyncHttpClient.newNettyTimer(DefaultAsyncHttpClient.java:111) ~[async-http-client-2.12.3.jar:?]
	at org.asynchttpclient.DefaultAsyncHttpClient.<init>(DefaultAsyncHttpClient.java:90) ~[async-http-client-2.12.3.jar:?]
	at org.asynchttpclient.Dsl.asyncHttpClient(Dsl.java:32) ~[async-http-client-2.12.3.jar:?]
	at org.openqa.selenium.remote.http.netty.NettyClient.createHttpClient(NettyClient.java:94) ~[selenium-remote-driver-4.7.1.jar:?]
	at org.openqa.selenium.remote.http.netty.NettyClient.<clinit>(NettyClient.java:47) ~[selenium-remote-driver-4.7.1.jar:?]
	at org.openqa.selenium.remote.http.netty.NettyClient$Factory.createClient(NettyClient.java:135) ~[selenium-remote-driver-4.7.1.jar:?]
	at org.openqa.selenium.remote.HttpCommandExecutor.<init>(HttpCommandExecutor.java:107) ~[selenium-remote-driver-4.7.1.jar:?]
	at org.openqa.selenium.remote.HttpCommandExecutor.<init>(HttpCommandExecutor.java:94) ~[selenium-remote-driver-4.7.1.jar:?]
	at org.openqa.selenium.remote.HttpCommandExecutor.<init>(HttpCommandExecutor.java:85) ~[selenium-remote-driver-4.7.1.jar:?]
	at org.openqa.selenium.remote.service.DriverCommandExecutor.<init>(DriverCommandExecutor.java:80) ~[selenium-remote-driver-4.7.1.jar:?]
	at org.openqa.selenium.chromium.ChromiumDriverCommandExecutor.<init>(ChromiumDriverCommandExecutor.java:35) ~[selenium-chromium-driver-4.7.1.jar:?]
	at org.openqa.selenium.chrome.ChromeDriver$ChromeDriverCommandExecutor.<init>(ChromeDriver.java:93) ~[selenium-chrome-driver-4.7.1.jar:?]
	at org.openqa.selenium.chrome.ChromeDriver.<init>(ChromeDriver.java:81) ~[selenium-chrome-driver-4.7.1.jar:?]
	at org.openqa.selenium.chrome.ChromeDriver.<init>(ChromeDriver.java:70) ~[selenium-chrome-driver-4.7.1.jar:?]
	at commoc_methods.CommonMethods.lauchingBrowser(CommonMethods.java:105) ~[classes/:?]
	at common_reports.CommonTemplet.browser(CommonTemplet.java:44) ~[classes/:?]
	at jdk.internal.reflect.NativeMethodAccessorImpl.invoke0(Native Method) ~[?:?]
	at jdk.internal.reflect.NativeMethodAccessorImpl.invoke(NativeMethodAccessorImpl.java:77) ~[?:?]
	at jdk.internal.reflect.DelegatingMethodAccessorImpl.invoke(DelegatingMethodAccessorImpl.java:43) ~[?:?]
	at java.lang.reflect.Method.invoke(Method.java:568) ~[?:?]
	at org.testng.internal.invokers.MethodInvocationHelper.invokeMethod(MethodInvocationHelper.java:139) ~[testng-7.7.0.jar:7.7.0]
	at org.testng.internal.invokers.MethodInvocationHelper.invokeMethodConsideringTimeout(MethodInvocationHelper.java:69) ~[testng-7.7.0.jar:7.7.0]
	at org.testng.internal.invokers.ConfigInvoker.invokeConfigurationMethod(ConfigInvoker.java:361) ~[testng-7.7.0.jar:7.7.0]
	at org.testng.internal.invokers.ConfigInvoker.invokeConfigurations(ConfigInvoker.java:296) ~[testng-7.7.0.jar:7.7.0]
	at org.testng.internal.invokers.TestMethodWorker.invokeBeforeClassMethods(TestMethodWorker.java:180) ~[testng-7.7.0.jar:7.7.0]
	at org.testng.internal.invokers.TestMethodWorker.run(TestMethodWorker.java:122) ~[testng-7.7.0.jar:7.7.0]
	at java.util.ArrayList.forEach(ArrayList.java:1511) ~[?:?]
	at org.testng.TestRunner.privateRun(TestRunner.java:829) ~[testng-7.7.0.jar:7.7.0]
	at org.testng.TestRunner.run(TestRunner.java:602) ~[testng-7.7.0.jar:7.7.0]
	at org.testng.SuiteRunner.runTest(SuiteRunner.java:437) ~[testng-7.7.0.jar:7.7.0]
	at org.testng.SuiteRunner.runSequentially(SuiteRunner.java:431) ~[testng-7.7.0.jar:7.7.0]
	at org.testng.SuiteRunner.privateRun(SuiteRunner.java:391) ~[testng-7.7.0.jar:7.7.0]
	at org.testng.SuiteRunner.run(SuiteRunner.java:330) ~[testng-7.7.0.jar:7.7.0]
	at org.testng.SuiteRunnerWorker.runSuite(SuiteRunnerWorker.java:52) ~[testng-7.7.0.jar:7.7.0]
	at org.testng.SuiteRunnerWorker.run(SuiteRunnerWorker.java:95) ~[testng-7.7.0.jar:7.7.0]
	at org.testng.TestNG.runSuitesSequentially(TestNG.java:1256) ~[testng-7.7.0.jar:7.7.0]
	at org.testng.TestNG.runSuitesLocally(TestNG.java:1176) ~[testng-7.7.0.jar:7.7.0]
	at org.testng.TestNG.runSuites(TestNG.java:1099) ~[testng-7.7.0.jar:7.7.0]
	at org.testng.TestNG.run(TestNG.java:1067) ~[testng-7.7.0.jar:7.7.0]
	at org.testng.remote.AbstractRemoteTestNG.run(AbstractRemoteTestNG.java:115) ~[testng-remote.jar:?]
	at org.testng.remote.RemoteTestNG.initAndRun(RemoteTestNG.java:251) ~[testng-remote.jar:?]
	at org.testng.remote.RemoteTestNG.main(RemoteTestNG.java:77) ~[testng-remote.jar:?]
13:58:44.497 [main]DEBUG io.netty.util.internal.PlatformDependent0 - java.nio.DirectByteBuffer.<init>(long, int): unavailable
13:58:44.497 [main]DEBUG io.netty.util.internal.PlatformDependent - sun.misc.Unsafe: available
13:58:44.498 [main]DEBUG io.netty.util.internal.PlatformDependent - maxDirectMemory: 2120220672 bytes (maybe)
13:58:44.500 [main]DEBUG io.netty.util.internal.PlatformDependent - -Dio.netty.tmpdir: C:\Users\NARESH~1.KUM\AppData\Local\Temp (java.io.tmpdir)
13:58:44.500 [main]DEBUG io.netty.util.internal.PlatformDependent - -Dio.netty.bitMode: 64 (sun.arch.data.model)
13:58:44.501 [main]DEBUG io.netty.util.internal.PlatformDependent - Platform: Windows
13:58:44.503 [main]DEBUG io.netty.util.internal.PlatformDependent - -Dio.netty.maxDirectMemory: -1 bytes
13:58:44.503 [main]DEBUG io.netty.util.internal.PlatformDependent - -Dio.netty.uninitializedArrayAllocationThreshold: -1
13:58:44.506 [main]DEBUG io.netty.util.internal.CleanerJava9 - java.nio.ByteBuffer.cleaner(): available
13:58:44.506 [main]DEBUG io.netty.util.internal.PlatformDependent - -Dio.netty.noPreferDirect: false
13:58:44.530 [main]DEBUG io.netty.util.internal.PlatformDependent - org.jctools-core.MpscChunkedArrayQueue: available
13:58:44.658 [main]DEBUG io.netty.util.internal.InternalThreadLocalMap - -Dio.netty.threadLocalMap.stringBuilder.initialSize: 1024
13:58:44.659 [main]DEBUG io.netty.util.internal.InternalThreadLocalMap - -Dio.netty.threadLocalMap.stringBuilder.maxSize: 4096
13:58:45.098 [main]DEBUG io.netty.handler.ssl.JdkSslContext - Default protocols (JDK): [TLSv1.3, TLSv1.2] 
13:58:45.098 [main]DEBUG io.netty.handler.ssl.JdkSslContext - Default cipher suites (JDK): [TLS_ECDHE_ECDSA_WITH_AES_256_GCM_SHA384, TLS_ECDHE_ECDSA_WITH_AES_128_GCM_SHA256, TLS_ECDHE_RSA_WITH_AES_128_GCM_SHA256, TLS_ECDHE_RSA_WITH_AES_256_GCM_SHA384, TLS_ECDHE_RSA_WITH_AES_128_CBC_SHA, TLS_ECDHE_RSA_WITH_AES_256_CBC_SHA, TLS_RSA_WITH_AES_128_GCM_SHA256, TLS_RSA_WITH_AES_128_CBC_SHA, TLS_RSA_WITH_AES_256_CBC_SHA, TLS_AES_128_GCM_SHA256, TLS_AES_256_GCM_SHA384]
13:58:45.195 [main]DEBUG io.netty.channel.MultithreadEventLoopGroup - -Dio.netty.eventLoopThreads: 8
13:58:45.216 [main]DEBUG io.netty.channel.nio.NioEventLoop - -Dio.netty.noKeySetOptimization: false
13:58:45.217 [main]DEBUG io.netty.channel.nio.NioEventLoop - -Dio.netty.selectorAutoRebuildThreshold: 512
13:58:45.266 [main]TRACE io.netty.channel.nio.NioEventLoop - instrumented a special java.util.Set into: sun.nio.ch.WEPollSelectorImpl@6a0ac48e
13:58:45.271 [main]TRACE io.netty.channel.nio.NioEventLoop - instrumented a special java.util.Set into: sun.nio.ch.WEPollSelectorImpl@1549bba7
13:58:45.277 [main]TRACE io.netty.channel.nio.NioEventLoop - instrumented a special java.util.Set into: sun.nio.ch.WEPollSelectorImpl@3e4f80cb
13:58:45.284 [main]TRACE io.netty.channel.nio.NioEventLoop - instrumented a special java.util.Set into: sun.nio.ch.WEPollSelectorImpl@38704ff0
13:58:45.290 [main]TRACE io.netty.channel.nio.NioEventLoop - instrumented a special java.util.Set into: sun.nio.ch.WEPollSelectorImpl@16ade133
13:58:45.296 [main]TRACE io.netty.channel.nio.NioEventLoop - instrumented a special java.util.Set into: sun.nio.ch.WEPollSelectorImpl@4e61e4c2
13:58:45.301 [main]TRACE io.netty.channel.nio.NioEventLoop - instrumented a special java.util.Set into: sun.nio.ch.WEPollSelectorImpl@c6a6c1d
13:58:45.307 [main]TRACE io.netty.channel.nio.NioEventLoop - instrumented a special java.util.Set into: sun.nio.ch.WEPollSelectorImpl@36dfbdaf
13:58:45.365 [main]DEBUG io.netty.buffer.PooledByteBufAllocator - -Dio.netty.allocator.numHeapArenas: 8
13:58:45.366 [main]DEBUG io.netty.buffer.PooledByteBufAllocator - -Dio.netty.allocator.numDirectArenas: 8
13:58:45.366 [main]DEBUG io.netty.buffer.PooledByteBufAllocator - -Dio.netty.allocator.pageSize: 8192
13:58:45.367 [main]DEBUG io.netty.buffer.PooledByteBufAllocator - -Dio.netty.allocator.maxOrder: 9
13:58:45.367 [main]DEBUG io.netty.buffer.PooledByteBufAllocator - -Dio.netty.allocator.chunkSize: 4194304
13:58:45.368 [main]DEBUG io.netty.buffer.PooledByteBufAllocator - -Dio.netty.allocator.smallCacheSize: 256
13:58:45.368 [main]DEBUG io.netty.buffer.PooledByteBufAllocator - -Dio.netty.allocator.normalCacheSize: 64
13:58:45.369 [main]DEBUG io.netty.buffer.PooledByteBufAllocator - -Dio.netty.allocator.maxCachedBufferCapacity: 32768
13:58:45.369 [main]DEBUG io.netty.buffer.PooledByteBufAllocator - -Dio.netty.allocator.cacheTrimInterval: 8192
13:58:45.369 [main]DEBUG io.netty.buffer.PooledByteBufAllocator - -Dio.netty.allocator.cacheTrimIntervalMillis: 0
13:58:45.370 [main]DEBUG io.netty.buffer.PooledByteBufAllocator - -Dio.netty.allocator.useCacheForAllThreads: false
13:58:45.370 [main]DEBUG io.netty.buffer.PooledByteBufAllocator - -Dio.netty.allocator.maxCachedByteBuffersPerChunk: 1023
13:58:45.400 [main]DEBUG io.netty.buffer.ByteBufUtil - -Dio.netty.allocator.type: pooled
13:58:45.400 [main]DEBUG io.netty.buffer.ByteBufUtil - -Dio.netty.threadLocalDirectBufferSize: 0
13:58:45.401 [main]DEBUG io.netty.buffer.ByteBufUtil - -Dio.netty.maxThreadLocalCharBufferSize: 16384
13:58:46.905 [Forwarding newSession on session null to remote]DEBUG io.netty.channel.DefaultChannelId - -Dio.netty.processId: 20452 (auto-detected)
13:58:46.909 [Forwarding newSession on session null to remote]DEBUG io.netty.util.NetUtil - -Djava.net.preferIPv4Stack: false
13:58:46.909 [Forwarding newSession on session null to remote]DEBUG io.netty.util.NetUtil - -Djava.net.preferIPv6Addresses: false
13:58:46.933 [Forwarding newSession on session null to remote]DEBUG io.netty.util.NetUtilInitializations - Loopback interface: lo (Software Loopback Interface 1, 127.0.0.1)
13:58:46.935 [Forwarding newSession on session null to remote]DEBUG io.netty.util.NetUtil - Failed to get SOMAXCONN from sysctl and file \proc\sys\net\core\somaxconn. Default: 200
13:58:47.003 [Forwarding newSession on session null to remote]DEBUG io.netty.channel.DefaultChannelId - -Dio.netty.machineId: 34:02:86:ff:fe:5c:f3:c8 (auto-detected)
13:58:47.095 [AsyncHttpClient-1-2]DEBUG io.netty.buffer.AbstractByteBuf - -Dio.netty.buffer.checkAccessible: true
13:58:47.096 [AsyncHttpClient-1-2]DEBUG io.netty.buffer.AbstractByteBuf - -Dio.netty.buffer.checkBounds: true
13:58:47.097 [AsyncHttpClient-1-2]DEBUG io.netty.util.ResourceLeakDetectorFactory - Loaded default ResourceLeakDetector: io.netty.util.ResourceLeakDetector@23cd213c
13:58:47.167 [AsyncHttpClient-1-2]DEBUG io.netty.util.Recycler - -Dio.netty.recycler.maxCapacityPerThread: 4096
13:58:47.168 [AsyncHttpClient-1-2]DEBUG io.netty.util.Recycler - -Dio.netty.recycler.ratio: 8
13:58:47.168 [AsyncHttpClient-1-2]DEBUG io.netty.util.Recycler - -Dio.netty.recycler.chunkSize: 32
13:58:47.169 [AsyncHttpClient-1-2]DEBUG io.netty.util.Recycler - -Dio.netty.recycler.blocking: false
13:58:51.480 [AsyncHttpClient-1-2]DEBUG io.netty.handler.codec.compression.Brotli - brotli4j not in the classpath; Brotli support will be unavailable.
13:58:51.904 [main]DEBUG io.netty.util.internal.ThreadLocalRandom - -Dio.netty.initialSeedUniquifier: 0x365a9371310f0366
13:58:52.036 [main]INFO  ProductOrderPlace - chrome browser launched successfully
13:59:02.170 [main]INFO  ProductOrderPlace - https://demoqa.com/ Verifycation is done successfully
13:59:02.680 [main]INFO  ProductOrderPlace - User successfully clicked on Element tab 
13:59:02.727 [main]INFO  ProductOrderPlace - elements tab is expanded
13:59:02.918 [main]INFO  ProductOrderPlace - User successfully clicked on Radio button tab
13:59:02.970 [main]INFO  ProductOrderPlace - On Radio button is disabled
13:59:03.119 [main]INFO  ProductOrderPlace - User successfully clicked on yes radio  button
13:59:03.255 [main]INFO  ProductOrderPlace - User successfully clicked on impressive Radio Button
13:59:03.282 [main]INFO  ProductOrderPlace - Yes Radio button is enabled
13:59:03.309 [main]INFO  ProductOrderPlace - impressive Radio button is enabled
13:59:03.317 [main]INFO  ProductOrderPlace - [TestResult name=launch status=SUCCESS method=DemoqaMainTC1.launch()[pri:0, instance:demoqaMain.DemoqaMainTC1@27406a17] output={null}]
13:59:06.681 [main]INFO  ProductOrderPlace - chrome browser launched successfully
13:59:12.463 [main]INFO  ProductOrderPlace - https://demoqa.com/ Verifycation is done successfully
13:59:12.786 [main]INFO  ProductOrderPlace - User successfully clicked on Element tab 
13:59:12.829 [main]INFO  ProductOrderPlace - elements tab is expanded
13:59:13.181 [main]INFO  ProductOrderPlace - User successfully clicked on Web Element
13:59:13.404 [main]INFO  ProductOrderPlace - User successfully clicked on Add button
13:59:13.575 [main]INFO  ProductOrderPlace - User send naresh text to the first name field
13:59:14.658 [main]INFO  ProductOrderPlace - naresh is matched with naresh in first name
13:59:14.821 [main]INFO  ProductOrderPlace - User send kummari text to the last name field
13:59:15.874 [main]INFO  ProductOrderPlace - kummari is matched with kummari in last name
13:59:16.008 [main]INFO  ProductOrderPlace - User send 33 text to the age field
13:59:17.092 [main]INFO  ProductOrderPlace - 33 is matched with 33 in age
13:59:17.265 [main]INFO  ProductOrderPlace - User send 45435 text to the salary field
13:59:18.349 [main]INFO  ProductOrderPlace - 45435 is matched with 45435 in salary
13:59:18.485 [main]INFO  ProductOrderPlace - User send QE text to the department field
13:59:19.549 [main]INFO  ProductOrderPlace - QE is matched with QE in department
13:59:19.814 [main]INFO  ProductOrderPlace - User send nareshshalivahana1999@gmail.com text to the user Email field
13:59:20.852 [main]INFO  ProductOrderPlace - nareshshalivahana1999@gmail.com is matched with nareshshalivahana1999@gmail.com in user Email
13:59:21.022 [main]INFO  ProductOrderPlace - User successfully clicked on submit
13:59:21.157 [main]INFO  ProductOrderPlace - new record got created within the table
13:59:21.320 [main]INFO  ProductOrderPlace - User successfully clicked on Delete button
13:59:21.336 [main]INFO  ProductOrderPlace - Data got deleted no such element: Unable to locate element: {"method":"xpath","selector":"//div[text()='naresh']"}
  (Session info: headless chrome=109.0.5414.74)
For documentation on this error, please visit: https://selenium.dev/exceptions/#no_such_element
Build info: version: '4.7.1', revision: 'c6795baf1a3'
System info: os.name: 'Windows 10', os.arch: 'amd64', os.version: '10.0', java.version: '17.0.5'
Driver info: org.openqa.selenium.chrome.ChromeDriver
Command: [106d2a4e0f4a2372dbaddc83a8016003, findElement {using=xpath, value=//div[text()='naresh']}]
Capabilities {acceptInsecureCerts: false, browserName: chrome, browserVersion: 109.0.5414.74, chrome: {chromedriverVersion: 109.0.5414.74 (e7c5703604da..., userDataDir: C:\Users\NARESH~1.KUM\AppDa...}, goog:chromeOptions: {debuggerAddress: localhost:64063}, networkConnectionEnabled: false, pageLoadStrategy: normal, platformName: WINDOWS, proxy: Proxy(), se:cdp: ws://localhost:64063/devtoo..., se:cdpVersion: 109.0.5414.74, setWindowRect: true, strictFileInteractability: false, timeouts: {implicit: 0, pageLoad: 300000, script: 30000}, unhandledPromptBehavior: dismiss and notify, webauthn:extension:credBlob: true, webauthn:extension:largeBlob: true, webauthn:virtualAuthenticators: true}
Session ID: 106d2a4e0f4a2372dbaddc83a8016003
13:59:21.337 [main]INFO  ProductOrderPlace - [TestResult name=dataCration status=SUCCESS method=DemoqaMainTC2.dataCration()[pri:0, instance:demoqaMain.DemoqaMainTC2@413d1baf] output={null}]
13:59:24.437 [main]INFO  ProductOrderPlace - chrome browser launched successfully
13:59:27.756 [main]INFO  ProductOrderPlace - https://demoqa.com/ Verifycation is done successfully
13:59:28.022 [main]INFO  ProductOrderPlace - User successfully clicked on Froms tab 
13:59:28.086 [main]INFO  ProductOrderPlace - Forms tab is expanded
13:59:28.335 [main]INFO  ProductOrderPlace - User successfully clicked on practice Form button
13:59:28.498 [main]INFO  ProductOrderPlace - User send naresh text to the first name field
13:59:29.578 [main]INFO  ProductOrderPlace - naresh is matched with naresh in first name
13:59:29.717 [main]INFO  ProductOrderPlace - User send kummari text to the last name field
13:59:30.803 [main]INFO  ProductOrderPlace - kummari is matched with kummari in last name
13:59:31.008 [main]INFO  ProductOrderPlace - User send nareshshalivahana1999@gmail.com text to the user Email field
13:59:32.078 [main]INFO  ProductOrderPlace - nareshshalivahana1999@gmail.com is matched with nareshshalivahana1999@gmail.com in user Email
13:59:32.350 [main]INFO  ProductOrderPlace - User successfully clicked on Male radio button
13:59:32.661 [main]INFO  ProductOrderPlace - User send 8397825953 text to the phone number  field
13:59:33.743 [main]INFO  ProductOrderPlace - 8397825953 is matched with 8397825953 in phone number 
13:59:34.001 [main]INFO  ProductOrderPlace - User successfully clicked on Date of birth dropdwn
13:59:38.666 [main]INFO  ProductOrderPlace - User successfully clicked on 2
13:59:38.686 [main]INFO  ProductOrderPlace - Scroll position after scrolling upto an element: 352
13:59:38.864 [main]INFO  ProductOrderPlace - User send English text to the department field
13:59:39.939 [main]INFO  ProductOrderPlace - English is matched with English in department
13:59:40.470 [main]INFO  ProductOrderPlace - User send h-no:1-14 text to the Current address field
13:59:41.538 [main]INFO  ProductOrderPlace - h-no:1-14 is matched with h-no:1-14 in Current address
13:59:41.666 [main]INFO  ProductOrderPlace - User successfully clicked on Sports radio button
13:59:41.770 [main]INFO  ProductOrderPlace - User successfully send C:\Users\naresh.kummari\eclipse-workspace\projectFramework2\src\test\resources\api.png file in the  picture  field
13:59:42.825 [main]INFO  ProductOrderPlace - uploaded file is same
13:59:42.972 [main]INFO  ProductOrderPlace - User successfully clicked on  State
13:59:44.089 [main]INFO  ProductOrderPlace - user successfully selected Haryana
13:59:44.237 [main]INFO  ProductOrderPlace - User successfully clicked on  city drop down
13:59:46.367 [main]INFO  ProductOrderPlace - user successfully selected Karnal
13:59:46.430 [main]INFO  ProductOrderPlace - user successfully clicked on submit
13:59:46.489 [main]INFO  ProductOrderPlace -  Data submited successfully
13:59:46.490 [main]INFO  ProductOrderPlace - [TestResult name=fillForm status=SUCCESS method=DemoqaTC1.fillForm()[pri:0, instance:demoqaMain2812.DemoqaTC1@5524cca1] output={null}]
13:59:49.444 [main]INFO  ProductOrderPlace - chrome browser launched successfully
13:59:54.784 [main]INFO  ProductOrderPlace - https://www.w3.org/WAI/ARIA/apg/example-index/dialog-modal/datepicker-dialog Verifycation is done successfully
13:59:54.869 [main]INFO  ProductOrderPlace - Scroll position after scrolling upto an element: 600
13:59:56.100 [main]INFO  ProductOrderPlace - User successfully clicked on calendar
13:59:56.336 [main]INFO  ProductOrderPlace - User successfully clicked on Year next arrow button and year displayed in the calendar is 2024
13:59:56.448 [main]INFO  ProductOrderPlace - User successfully clicked on Year next arrow button and year displayed in the calendar is 2025
13:59:56.552 [main]INFO  ProductOrderPlace - User successfully clicked on Year next arrow button and year displayed in the calendar is 2026
13:59:56.658 [main]INFO  ProductOrderPlace - User successfully clicked on Year next arrow button and year displayed in the calendar is 2027
13:59:56.756 [main]INFO  ProductOrderPlace - User successfully clicked on Year next arrow button and year displayed in the calendar is 2028
13:59:56.864 [main]INFO  ProductOrderPlace - User successfully clicked on Year next arrow button and year displayed in the calendar is 2029
13:59:56.965 [main]INFO  ProductOrderPlace - User successfully clicked on Year next arrow button and year displayed in the calendar is 2030
13:59:57.062 [main]INFO  ProductOrderPlace - User successfully clicked on Year next arrow button and year displayed in the calendar is 2031
13:59:57.171 [main]INFO  ProductOrderPlace - User successfully clicked on Year next arrow button and year displayed in the calendar is 2032
13:59:57.297 [main]INFO  ProductOrderPlace - User successfully clicked on Year next arrow button and year displayed in the calendar is 2033
13:59:57.412 [main]INFO  ProductOrderPlace - User successfully clicked on Year next arrow button and year displayed in the calendar is 2034
13:59:57.527 [main]INFO  ProductOrderPlace - User successfully clicked on Year next arrow button and year displayed in the calendar is 2035
13:59:57.621 [main]INFO  ProductOrderPlace - User successfully clicked on Year next arrow button and year displayed in the calendar is 2036
13:59:57.724 [main]INFO  ProductOrderPlace - User successfully clicked on Year next arrow button and year displayed in the calendar is 2037
13:59:57.828 [main]INFO  ProductOrderPlace - User successfully clicked on Year next arrow button and year displayed in the calendar is 2038
13:59:57.945 [main]INFO  ProductOrderPlace - User successfully clicked on Year next arrow button and year displayed in the calendar is 2039
13:59:58.068 [main]INFO  ProductOrderPlace - User successfully clicked on Year next arrow button and year displayed in the calendar is 2040
13:59:58.112 [main]INFO  ProductOrderPlace - User changed the month to January 2040
13:59:59.277 [main]INFO  ProductOrderPlace - User changed the month to February 2040
14:00:00.389 [main]INFO  ProductOrderPlace - User changed the month to March 2040
14:00:01.506 [main]INFO  ProductOrderPlace - User changed the month to April 2040
14:00:02.611 [main]INFO  ProductOrderPlace - User changed the month to May 2040
14:00:03.761 [main]INFO  ProductOrderPlace - User changed the month to June 2040
14:00:04.343 [main]INFO  ProductOrderPlace - user selected 19 date
14:00:05.967 [main]INFO  ProductOrderPlace - user Change Date, Tuesday June 19, 2040
14:00:05.998 [main]INFO  ProductOrderPlace - [TestResult name=selectdate status=SUCCESS method=SampleTC2Execution.selectdate()[pri:1, instance:demoqaMain2812.SampleTC2Execution@6fa51cd4] output={null}]
14:00:09.123 [main]INFO  ProductOrderPlace - chrome browser launched successfully
14:00:20.734 [main]INFO  ProductOrderPlace - https://opensource-demo.orangehrmlive.com/web/index.php/auth/login Verifycation is done successfully
14:00:22.430 [main]INFO  ProductOrderPlace - User send admin text to the UserName field field
14:00:23.488 [main]INFO  ProductOrderPlace - admin is matched with admin in UserName field
14:00:23.635 [main]INFO  ProductOrderPlace - User send admin123 text to the PasswordField field
14:00:24.684 [main]INFO  ProductOrderPlace - admin123 is matched with admin123 in PasswordField
14:00:24.832 [main]INFO  ProductOrderPlace - User successfully clicked on Login Button
14:00:26.467 [main]INFO  ProductOrderPlace - https://opensource-demo.orangehrmlive.com/web/index.php/dashboard/index Verifycation is done successfully
14:00:27.609 [main]INFO  ProductOrderPlace - User successfully clicked on Directory
14:00:28.329 [main]INFO  ProductOrderPlace - User successfully clicked on Drop down 
14:00:28.479 [main]INFO  ProductOrderPlace - User send Linda text to the EmployeeName field
14:00:29.520 [main]INFO  ProductOrderPlace - Linda is matched with Linda in EmployeeName
14:00:31.804 [main]INFO  ProductOrderPlace - User successfully clicked on Search button
14:00:33.897 [main]INFO  ProductOrderPlace - Linda Jane Anderson Verifycation is done successfully
14:00:34.108 [main]INFO  ProductOrderPlace - User successfully clicked on profileIocn
14:00:35.452 [main]INFO  ProductOrderPlace - User successfully clicked on LogOutText
14:00:35.461 [main]INFO  ProductOrderPlace - https://opensource-demo.orangehrmlive.com/web/index.php/auth/login Verifycation is done successfully
14:00:35.462 [main]INFO  ProductOrderPlace - [TestResult name=verifyEmployee status=SUCCESS method=OragneHrm.verifyEmployee()[pri:0, instance:orangehrm.OragneHrm@7ce026d3] output={null}]
14:00:38.669 [main]INFO  ProductOrderPlace - chrome browser launched successfully
14:00:48.036 [main]INFO  ProductOrderPlace - https://bitetoothpastebits.com/collections/all Verifycation is done successfully
14:00:48.889 [main]INFO  ProductOrderPlace - User successfully clicked on shop 
14:00:48.949 [main]INFO  ProductOrderPlace - https://bitetoothpastebits.com/collections/all Verifycation is done successfully
14:00:55.697 [main]INFO  ProductOrderPlace - User successfully clicked on mouth wash Bits
14:01:00.787 [main]INFO  ProductOrderPlace - mouth wash Bits is added to the cart
14:01:01.098 [main]INFO  ProductOrderPlace - User successfully clicked on Back button
14:01:01.655 [main]INFO  ProductOrderPlace - User successfully clicked on Oral care button
14:01:03.679 [main]INFO  ProductOrderPlace - https://bitetoothpastebits.com/collections/oral-care Verifycation is done successfully
14:01:07.214 [main]INFO  ProductOrderPlace - User successfully clicked on mouth wash Bits
14:01:11.304 [main]INFO  ProductOrderPlace - mouth wash Bits is added to the cart
14:01:11.582 [main]INFO  ProductOrderPlace - User successfully clicked on Back button
14:01:14.006 [main]INFO  ProductOrderPlace - User successfully clicked on Personal care button
14:01:14.044 [main]INFO  ProductOrderPlace - https://bitetoothpastebits.com/collections/personal-care Verifycation is done successfully
14:01:17.793 [main]INFO  ProductOrderPlace - User successfully clicked on Carbon Capture Cleanser
14:01:21.892 [main]INFO  ProductOrderPlace - Carbon Capture Cleanser is added to the cart
14:01:22.121 [main]INFO  ProductOrderPlace - User successfully clicked on Back button
14:01:26.548 [main]INFO  ProductOrderPlace - User successfully clicked on Bundles button
14:01:26.655 [main]INFO  ProductOrderPlace - https://bitetoothpastebits.com/collections/bundles Verifycation is done successfully
14:01:30.207 [main]INFO  ProductOrderPlace - User successfully clicked on The Starter Kit
14:01:35.336 [main]INFO  ProductOrderPlace - The Starter Kit is added to the cart
14:01:35.554 [main]INFO  ProductOrderPlace - User successfully clicked on Back button
14:01:40.014 [main]INFO  ProductOrderPlace - User successfully clicked on Gift sets button
14:01:40.049 [main]INFO  ProductOrderPlace - https://bitetoothpastebits.com/collections/gift-sets Verifycation is done successfully
14:01:43.678 [main]INFO  ProductOrderPlace - User successfully clicked on The Starter Kit
14:01:48.766 [main]INFO  ProductOrderPlace - The Starter Kit is added to the cart
14:01:49.112 [main]INFO  ProductOrderPlace - User successfully clicked on Back button
14:01:53.714 [main]INFO  ProductOrderPlace - User successfully clicked on Community Favorite button
14:01:53.759 [main]INFO  ProductOrderPlace - https://bitetoothpastebits.com/collections/favorites Verifycation is done successfully
14:01:57.925 [main]INFO  ProductOrderPlace - User successfully clicked on itemName
14:02:01.037 [main]INFO  ProductOrderPlace - mouth wash Bits is added to the cart
14:02:01.280 [main]INFO  ProductOrderPlace - User successfully clicked on Back button
14:02:03.731 [main]INFO  ProductOrderPlace - User successfully clicked on Cart button
14:02:06.994 [main]INFO  ProductOrderPlace - User successfully clicked on Check Out Button
14:02:11.925 [main]INFO  ProductOrderPlace - User successfully clicked on Pop up close button
14:02:15.053 [main]INFO  ProductOrderPlace - [TestResult name=multipleOrder status=SUCCESS method=ProductOrderPlace.multipleOrder()[pri:0, instance:main_bitetooth.ProductOrderPlace@6c284af] output={null}]
15:10:29.409 [main]DEBUG io.netty.util.internal.logging.InternalLoggerFactory - Using Log4J2 as the default logging framework
15:10:29.427 [main]DEBUG io.netty.util.ResourceLeakDetector - -Dio.netty.leakDetection.level: simple
15:10:29.427 [main]DEBUG io.netty.util.ResourceLeakDetector - -Dio.netty.leakDetection.targetRecords: 4
15:10:29.435 [main]DEBUG io.netty.util.ResourceLeakDetectorFactory - Loaded default ResourceLeakDetector: io.netty.util.ResourceLeakDetector@602c4656
15:10:29.480 [main]DEBUG io.netty.util.internal.PlatformDependent0 - -Dio.netty.noUnsafe: false
15:10:29.481 [main]DEBUG io.netty.util.internal.PlatformDependent0 - Java version: 17
15:10:29.483 [main]DEBUG io.netty.util.internal.PlatformDependent0 - sun.misc.Unsafe.theUnsafe: available
15:10:29.485 [main]DEBUG io.netty.util.internal.PlatformDependent0 - sun.misc.Unsafe.copyMemory: available
15:10:29.486 [main]DEBUG io.netty.util.internal.PlatformDependent0 - sun.misc.Unsafe.storeFence: available
15:10:29.491 [main]DEBUG io.netty.util.internal.PlatformDependent0 - java.nio.Buffer.address: available
15:10:29.494 [main]DEBUG io.netty.util.internal.PlatformDependent0 - direct buffer constructor: unavailable
java.lang.UnsupportedOperationException: Reflective setAccessible(true) disabled
	at io.netty.util.internal.ReflectionUtil.trySetAccessible(ReflectionUtil.java:31) ~[netty-common-4.1.84.Final.jar:4.1.84.Final]
	at io.netty.util.internal.PlatformDependent0$5.run(PlatformDependent0.java:288) ~[netty-common-4.1.84.Final.jar:4.1.84.Final]
	at java.security.AccessController.doPrivileged(AccessController.java:318) ~[?:?]
	at io.netty.util.internal.PlatformDependent0.<clinit>(PlatformDependent0.java:282) ~[netty-common-4.1.84.Final.jar:4.1.84.Final]
	at io.netty.util.internal.PlatformDependent.isAndroid(PlatformDependent.java:333) ~[netty-common-4.1.84.Final.jar:4.1.84.Final]
	at io.netty.util.internal.PlatformDependent.<clinit>(PlatformDependent.java:88) ~[netty-common-4.1.84.Final.jar:4.1.84.Final]
	at io.netty.util.HashedWheelTimer.<init>(HashedWheelTimer.java:114) ~[netty-common-4.1.84.Final.jar:4.1.84.Final]
	at io.netty.util.HashedWheelTimer.<init>(HashedWheelTimer.java:251) ~[netty-common-4.1.84.Final.jar:4.1.84.Final]
	at io.netty.util.HashedWheelTimer.<init>(HashedWheelTimer.java:224) ~[netty-common-4.1.84.Final.jar:4.1.84.Final]
	at io.netty.util.HashedWheelTimer.<init>(HashedWheelTimer.java:203) ~[netty-common-4.1.84.Final.jar:4.1.84.Final]
	at org.asynchttpclient.DefaultAsyncHttpClient.newNettyTimer(DefaultAsyncHttpClient.java:111) ~[async-http-client-2.12.3.jar:?]
	at org.asynchttpclient.DefaultAsyncHttpClient.<init>(DefaultAsyncHttpClient.java:90) ~[async-http-client-2.12.3.jar:?]
	at org.asynchttpclient.Dsl.asyncHttpClient(Dsl.java:32) ~[async-http-client-2.12.3.jar:?]
	at org.openqa.selenium.remote.http.netty.NettyClient.createHttpClient(NettyClient.java:94) ~[selenium-remote-driver-4.7.1.jar:?]
	at org.openqa.selenium.remote.http.netty.NettyClient.<clinit>(NettyClient.java:47) ~[selenium-remote-driver-4.7.1.jar:?]
	at org.openqa.selenium.remote.http.netty.NettyClient$Factory.createClient(NettyClient.java:135) ~[selenium-remote-driver-4.7.1.jar:?]
	at org.openqa.selenium.remote.HttpCommandExecutor.<init>(HttpCommandExecutor.java:107) ~[selenium-remote-driver-4.7.1.jar:?]
	at org.openqa.selenium.remote.HttpCommandExecutor.<init>(HttpCommandExecutor.java:94) ~[selenium-remote-driver-4.7.1.jar:?]
	at org.openqa.selenium.remote.HttpCommandExecutor.<init>(HttpCommandExecutor.java:85) ~[selenium-remote-driver-4.7.1.jar:?]
	at org.openqa.selenium.remote.service.DriverCommandExecutor.<init>(DriverCommandExecutor.java:80) ~[selenium-remote-driver-4.7.1.jar:?]
	at org.openqa.selenium.chromium.ChromiumDriverCommandExecutor.<init>(ChromiumDriverCommandExecutor.java:35) ~[selenium-chromium-driver-4.7.1.jar:?]
	at org.openqa.selenium.chrome.ChromeDriver$ChromeDriverCommandExecutor.<init>(ChromeDriver.java:93) ~[selenium-chrome-driver-4.7.1.jar:?]
	at org.openqa.selenium.chrome.ChromeDriver.<init>(ChromeDriver.java:81) ~[selenium-chrome-driver-4.7.1.jar:?]
	at org.openqa.selenium.chrome.ChromeDriver.<init>(ChromeDriver.java:70) ~[selenium-chrome-driver-4.7.1.jar:?]
	at commoc_methods.CommonMethods.lauchingBrowser(CommonMethods.java:105) ~[classes/:?]
	at common_reports.CommonTemplet.browser(CommonTemplet.java:44) ~[classes/:?]
	at jdk.internal.reflect.NativeMethodAccessorImpl.invoke0(Native Method) ~[?:?]
	at jdk.internal.reflect.NativeMethodAccessorImpl.invoke(NativeMethodAccessorImpl.java:77) ~[?:?]
	at jdk.internal.reflect.DelegatingMethodAccessorImpl.invoke(DelegatingMethodAccessorImpl.java:43) ~[?:?]
	at java.lang.reflect.Method.invoke(Method.java:568) ~[?:?]
	at org.testng.internal.invokers.MethodInvocationHelper.invokeMethod(MethodInvocationHelper.java:139) ~[testng-7.7.0.jar:7.7.0]
	at org.testng.internal.invokers.MethodInvocationHelper.invokeMethodConsideringTimeout(MethodInvocationHelper.java:69) ~[testng-7.7.0.jar:7.7.0]
	at org.testng.internal.invokers.ConfigInvoker.invokeConfigurationMethod(ConfigInvoker.java:361) ~[testng-7.7.0.jar:7.7.0]
	at org.testng.internal.invokers.ConfigInvoker.invokeConfigurations(ConfigInvoker.java:296) ~[testng-7.7.0.jar:7.7.0]
	at org.testng.internal.invokers.TestMethodWorker.invokeBeforeClassMethods(TestMethodWorker.java:180) ~[testng-7.7.0.jar:7.7.0]
	at org.testng.internal.invokers.TestMethodWorker.run(TestMethodWorker.java:122) ~[testng-7.7.0.jar:7.7.0]
	at java.util.ArrayList.forEach(ArrayList.java:1511) ~[?:?]
	at org.testng.TestRunner.privateRun(TestRunner.java:829) ~[testng-7.7.0.jar:7.7.0]
	at org.testng.TestRunner.run(TestRunner.java:602) ~[testng-7.7.0.jar:7.7.0]
	at org.testng.SuiteRunner.runTest(SuiteRunner.java:437) ~[testng-7.7.0.jar:7.7.0]
	at org.testng.SuiteRunner.runSequentially(SuiteRunner.java:431) ~[testng-7.7.0.jar:7.7.0]
	at org.testng.SuiteRunner.privateRun(SuiteRunner.java:391) ~[testng-7.7.0.jar:7.7.0]
	at org.testng.SuiteRunner.run(SuiteRunner.java:330) ~[testng-7.7.0.jar:7.7.0]
	at org.testng.SuiteRunnerWorker.runSuite(SuiteRunnerWorker.java:52) ~[testng-7.7.0.jar:7.7.0]
	at org.testng.SuiteRunnerWorker.run(SuiteRunnerWorker.java:95) ~[testng-7.7.0.jar:7.7.0]
	at org.testng.TestNG.runSuitesSequentially(TestNG.java:1256) ~[testng-7.7.0.jar:7.7.0]
	at org.testng.TestNG.runSuitesLocally(TestNG.java:1176) ~[testng-7.7.0.jar:7.7.0]
	at org.testng.TestNG.runSuites(TestNG.java:1099) ~[testng-7.7.0.jar:7.7.0]
	at org.testng.TestNG.run(TestNG.java:1067) ~[testng-7.7.0.jar:7.7.0]
	at org.testng.remote.AbstractRemoteTestNG.run(AbstractRemoteTestNG.java:115) ~[testng-remote.jar:?]
	at org.testng.remote.RemoteTestNG.initAndRun(RemoteTestNG.java:251) ~[testng-remote.jar:?]
	at org.testng.remote.RemoteTestNG.main(RemoteTestNG.java:77) ~[testng-remote.jar:?]
15:10:29.509 [main]DEBUG io.netty.util.internal.PlatformDependent0 - java.nio.Bits.unaligned: available, true
15:10:29.512 [main]DEBUG io.netty.util.internal.PlatformDependent0 - jdk.internal.misc.Unsafe.allocateUninitializedArray(int): unavailable
java.lang.IllegalAccessException: class io.netty.util.internal.PlatformDependent0$7 cannot access class jdk.internal.misc.Unsafe (in module java.base) because module java.base does not export jdk.internal.misc to unnamed module @402a079c
	at jdk.internal.reflect.Reflection.newIllegalAccessException(Reflection.java:392) ~[?:?]
	at java.lang.reflect.AccessibleObject.checkAccess(AccessibleObject.java:674) ~[?:?]
	at java.lang.reflect.Method.invoke(Method.java:560) ~[?:?]
	at io.netty.util.internal.PlatformDependent0$7.run(PlatformDependent0.java:410) ~[netty-common-4.1.84.Final.jar:4.1.84.Final]
	at java.security.AccessController.doPrivileged(AccessController.java:318) ~[?:?]
	at io.netty.util.internal.PlatformDependent0.<clinit>(PlatformDependent0.java:401) ~[netty-common-4.1.84.Final.jar:4.1.84.Final]
	at io.netty.util.internal.PlatformDependent.isAndroid(PlatformDependent.java:333) ~[netty-common-4.1.84.Final.jar:4.1.84.Final]
	at io.netty.util.internal.PlatformDependent.<clinit>(PlatformDependent.java:88) ~[netty-common-4.1.84.Final.jar:4.1.84.Final]
	at io.netty.util.HashedWheelTimer.<init>(HashedWheelTimer.java:114) ~[netty-common-4.1.84.Final.jar:4.1.84.Final]
	at io.netty.util.HashedWheelTimer.<init>(HashedWheelTimer.java:251) ~[netty-common-4.1.84.Final.jar:4.1.84.Final]
	at io.netty.util.HashedWheelTimer.<init>(HashedWheelTimer.java:224) ~[netty-common-4.1.84.Final.jar:4.1.84.Final]
	at io.netty.util.HashedWheelTimer.<init>(HashedWheelTimer.java:203) ~[netty-common-4.1.84.Final.jar:4.1.84.Final]
	at org.asynchttpclient.DefaultAsyncHttpClient.newNettyTimer(DefaultAsyncHttpClient.java:111) ~[async-http-client-2.12.3.jar:?]
	at org.asynchttpclient.DefaultAsyncHttpClient.<init>(DefaultAsyncHttpClient.java:90) ~[async-http-client-2.12.3.jar:?]
	at org.asynchttpclient.Dsl.asyncHttpClient(Dsl.java:32) ~[async-http-client-2.12.3.jar:?]
	at org.openqa.selenium.remote.http.netty.NettyClient.createHttpClient(NettyClient.java:94) ~[selenium-remote-driver-4.7.1.jar:?]
	at org.openqa.selenium.remote.http.netty.NettyClient.<clinit>(NettyClient.java:47) ~[selenium-remote-driver-4.7.1.jar:?]
	at org.openqa.selenium.remote.http.netty.NettyClient$Factory.createClient(NettyClient.java:135) ~[selenium-remote-driver-4.7.1.jar:?]
	at org.openqa.selenium.remote.HttpCommandExecutor.<init>(HttpCommandExecutor.java:107) ~[selenium-remote-driver-4.7.1.jar:?]
	at org.openqa.selenium.remote.HttpCommandExecutor.<init>(HttpCommandExecutor.java:94) ~[selenium-remote-driver-4.7.1.jar:?]
	at org.openqa.selenium.remote.HttpCommandExecutor.<init>(HttpCommandExecutor.java:85) ~[selenium-remote-driver-4.7.1.jar:?]
	at org.openqa.selenium.remote.service.DriverCommandExecutor.<init>(DriverCommandExecutor.java:80) ~[selenium-remote-driver-4.7.1.jar:?]
	at org.openqa.selenium.chromium.ChromiumDriverCommandExecutor.<init>(ChromiumDriverCommandExecutor.java:35) ~[selenium-chromium-driver-4.7.1.jar:?]
	at org.openqa.selenium.chrome.ChromeDriver$ChromeDriverCommandExecutor.<init>(ChromeDriver.java:93) ~[selenium-chrome-driver-4.7.1.jar:?]
	at org.openqa.selenium.chrome.ChromeDriver.<init>(ChromeDriver.java:81) ~[selenium-chrome-driver-4.7.1.jar:?]
	at org.openqa.selenium.chrome.ChromeDriver.<init>(ChromeDriver.java:70) ~[selenium-chrome-driver-4.7.1.jar:?]
	at commoc_methods.CommonMethods.lauchingBrowser(CommonMethods.java:105) ~[classes/:?]
	at common_reports.CommonTemplet.browser(CommonTemplet.java:44) ~[classes/:?]
	at jdk.internal.reflect.NativeMethodAccessorImpl.invoke0(Native Method) ~[?:?]
	at jdk.internal.reflect.NativeMethodAccessorImpl.invoke(NativeMethodAccessorImpl.java:77) ~[?:?]
	at jdk.internal.reflect.DelegatingMethodAccessorImpl.invoke(DelegatingMethodAccessorImpl.java:43) ~[?:?]
	at java.lang.reflect.Method.invoke(Method.java:568) ~[?:?]
	at org.testng.internal.invokers.MethodInvocationHelper.invokeMethod(MethodInvocationHelper.java:139) ~[testng-7.7.0.jar:7.7.0]
	at org.testng.internal.invokers.MethodInvocationHelper.invokeMethodConsideringTimeout(MethodInvocationHelper.java:69) ~[testng-7.7.0.jar:7.7.0]
	at org.testng.internal.invokers.ConfigInvoker.invokeConfigurationMethod(ConfigInvoker.java:361) ~[testng-7.7.0.jar:7.7.0]
	at org.testng.internal.invokers.ConfigInvoker.invokeConfigurations(ConfigInvoker.java:296) ~[testng-7.7.0.jar:7.7.0]
	at org.testng.internal.invokers.TestMethodWorker.invokeBeforeClassMethods(TestMethodWorker.java:180) ~[testng-7.7.0.jar:7.7.0]
	at org.testng.internal.invokers.TestMethodWorker.run(TestMethodWorker.java:122) ~[testng-7.7.0.jar:7.7.0]
	at java.util.ArrayList.forEach(ArrayList.java:1511) ~[?:?]
	at org.testng.TestRunner.privateRun(TestRunner.java:829) ~[testng-7.7.0.jar:7.7.0]
	at org.testng.TestRunner.run(TestRunner.java:602) ~[testng-7.7.0.jar:7.7.0]
	at org.testng.SuiteRunner.runTest(SuiteRunner.java:437) ~[testng-7.7.0.jar:7.7.0]
	at org.testng.SuiteRunner.runSequentially(SuiteRunner.java:431) ~[testng-7.7.0.jar:7.7.0]
	at org.testng.SuiteRunner.privateRun(SuiteRunner.java:391) ~[testng-7.7.0.jar:7.7.0]
	at org.testng.SuiteRunner.run(SuiteRunner.java:330) ~[testng-7.7.0.jar:7.7.0]
	at org.testng.SuiteRunnerWorker.runSuite(SuiteRunnerWorker.java:52) ~[testng-7.7.0.jar:7.7.0]
	at org.testng.SuiteRunnerWorker.run(SuiteRunnerWorker.java:95) ~[testng-7.7.0.jar:7.7.0]
	at org.testng.TestNG.runSuitesSequentially(TestNG.java:1256) ~[testng-7.7.0.jar:7.7.0]
	at org.testng.TestNG.runSuitesLocally(TestNG.java:1176) ~[testng-7.7.0.jar:7.7.0]
	at org.testng.TestNG.runSuites(TestNG.java:1099) ~[testng-7.7.0.jar:7.7.0]
	at org.testng.TestNG.run(TestNG.java:1067) ~[testng-7.7.0.jar:7.7.0]
	at org.testng.remote.AbstractRemoteTestNG.run(AbstractRemoteTestNG.java:115) ~[testng-remote.jar:?]
	at org.testng.remote.RemoteTestNG.initAndRun(RemoteTestNG.java:251) ~[testng-remote.jar:?]
	at org.testng.remote.RemoteTestNG.main(RemoteTestNG.java:77) ~[testng-remote.jar:?]
15:10:29.516 [main]DEBUG io.netty.util.internal.PlatformDependent0 - java.nio.DirectByteBuffer.<init>(long, int): unavailable
15:10:29.516 [main]DEBUG io.netty.util.internal.PlatformDependent - sun.misc.Unsafe: available
15:10:29.517 [main]DEBUG io.netty.util.internal.PlatformDependent - maxDirectMemory: 2120220672 bytes (maybe)
15:10:29.518 [main]DEBUG io.netty.util.internal.PlatformDependent - -Dio.netty.tmpdir: C:\Users\NARESH~1.KUM\AppData\Local\Temp (java.io.tmpdir)
15:10:29.518 [main]DEBUG io.netty.util.internal.PlatformDependent - -Dio.netty.bitMode: 64 (sun.arch.data.model)
15:10:29.528 [main]DEBUG io.netty.util.internal.PlatformDependent - Platform: Windows
15:10:29.529 [main]DEBUG io.netty.util.internal.PlatformDependent - -Dio.netty.maxDirectMemory: -1 bytes
15:10:29.530 [main]DEBUG io.netty.util.internal.PlatformDependent - -Dio.netty.uninitializedArrayAllocationThreshold: -1
15:10:29.532 [main]DEBUG io.netty.util.internal.CleanerJava9 - java.nio.ByteBuffer.cleaner(): available
15:10:29.532 [main]DEBUG io.netty.util.internal.PlatformDependent - -Dio.netty.noPreferDirect: false
15:10:29.550 [main]DEBUG io.netty.util.internal.PlatformDependent - org.jctools-core.MpscChunkedArrayQueue: available
15:10:29.590 [main]DEBUG io.netty.util.internal.InternalThreadLocalMap - -Dio.netty.threadLocalMap.stringBuilder.initialSize: 1024
15:10:29.591 [main]DEBUG io.netty.util.internal.InternalThreadLocalMap - -Dio.netty.threadLocalMap.stringBuilder.maxSize: 4096
15:10:29.894 [main]DEBUG io.netty.handler.ssl.JdkSslContext - Default protocols (JDK): [TLSv1.3, TLSv1.2] 
15:10:29.894 [main]DEBUG io.netty.handler.ssl.JdkSslContext - Default cipher suites (JDK): [TLS_ECDHE_ECDSA_WITH_AES_256_GCM_SHA384, TLS_ECDHE_ECDSA_WITH_AES_128_GCM_SHA256, TLS_ECDHE_RSA_WITH_AES_128_GCM_SHA256, TLS_ECDHE_RSA_WITH_AES_256_GCM_SHA384, TLS_ECDHE_RSA_WITH_AES_128_CBC_SHA, TLS_ECDHE_RSA_WITH_AES_256_CBC_SHA, TLS_RSA_WITH_AES_128_GCM_SHA256, TLS_RSA_WITH_AES_128_CBC_SHA, TLS_RSA_WITH_AES_256_CBC_SHA, TLS_AES_128_GCM_SHA256, TLS_AES_256_GCM_SHA384]
15:10:30.110 [main]DEBUG io.netty.channel.MultithreadEventLoopGroup - -Dio.netty.eventLoopThreads: 8
15:10:30.163 [main]DEBUG io.netty.channel.nio.NioEventLoop - -Dio.netty.noKeySetOptimization: false
15:10:30.163 [main]DEBUG io.netty.channel.nio.NioEventLoop - -Dio.netty.selectorAutoRebuildThreshold: 512
15:10:30.286 [main]TRACE io.netty.channel.nio.NioEventLoop - instrumented a special java.util.Set into: sun.nio.ch.WEPollSelectorImpl@6a0ac48e
15:10:30.298 [main]TRACE io.netty.channel.nio.NioEventLoop - instrumented a special java.util.Set into: sun.nio.ch.WEPollSelectorImpl@1549bba7
15:10:30.310 [main]TRACE io.netty.channel.nio.NioEventLoop - instrumented a special java.util.Set into: sun.nio.ch.WEPollSelectorImpl@3e4f80cb
15:10:30.318 [main]TRACE io.netty.channel.nio.NioEventLoop - instrumented a special java.util.Set into: sun.nio.ch.WEPollSelectorImpl@38704ff0
15:10:30.329 [main]TRACE io.netty.channel.nio.NioEventLoop - instrumented a special java.util.Set into: sun.nio.ch.WEPollSelectorImpl@16ade133
15:10:30.343 [main]TRACE io.netty.channel.nio.NioEventLoop - instrumented a special java.util.Set into: sun.nio.ch.WEPollSelectorImpl@4e61e4c2
15:10:30.354 [main]TRACE io.netty.channel.nio.NioEventLoop - instrumented a special java.util.Set into: sun.nio.ch.WEPollSelectorImpl@c6a6c1d
15:10:30.365 [main]TRACE io.netty.channel.nio.NioEventLoop - instrumented a special java.util.Set into: sun.nio.ch.WEPollSelectorImpl@36dfbdaf
15:10:30.465 [main]DEBUG io.netty.buffer.PooledByteBufAllocator - -Dio.netty.allocator.numHeapArenas: 8
15:10:30.465 [main]DEBUG io.netty.buffer.PooledByteBufAllocator - -Dio.netty.allocator.numDirectArenas: 8
15:10:30.465 [main]DEBUG io.netty.buffer.PooledByteBufAllocator - -Dio.netty.allocator.pageSize: 8192
15:10:30.466 [main]DEBUG io.netty.buffer.PooledByteBufAllocator - -Dio.netty.allocator.maxOrder: 9
15:10:30.466 [main]DEBUG io.netty.buffer.PooledByteBufAllocator - -Dio.netty.allocator.chunkSize: 4194304
15:10:30.466 [main]DEBUG io.netty.buffer.PooledByteBufAllocator - -Dio.netty.allocator.smallCacheSize: 256
15:10:30.467 [main]DEBUG io.netty.buffer.PooledByteBufAllocator - -Dio.netty.allocator.normalCacheSize: 64
15:10:30.467 [main]DEBUG io.netty.buffer.PooledByteBufAllocator - -Dio.netty.allocator.maxCachedBufferCapacity: 32768
15:10:30.467 [main]DEBUG io.netty.buffer.PooledByteBufAllocator - -Dio.netty.allocator.cacheTrimInterval: 8192
15:10:30.467 [main]DEBUG io.netty.buffer.PooledByteBufAllocator - -Dio.netty.allocator.cacheTrimIntervalMillis: 0
15:10:30.468 [main]DEBUG io.netty.buffer.PooledByteBufAllocator - -Dio.netty.allocator.useCacheForAllThreads: false
15:10:30.468 [main]DEBUG io.netty.buffer.PooledByteBufAllocator - -Dio.netty.allocator.maxCachedByteBuffersPerChunk: 1023
15:10:30.495 [main]DEBUG io.netty.buffer.ByteBufUtil - -Dio.netty.allocator.type: pooled
15:10:30.496 [main]DEBUG io.netty.buffer.ByteBufUtil - -Dio.netty.threadLocalDirectBufferSize: 0
15:10:30.496 [main]DEBUG io.netty.buffer.ByteBufUtil - -Dio.netty.maxThreadLocalCharBufferSize: 16384
15:10:33.662 [Forwarding newSession on session null to remote]DEBUG io.netty.channel.DefaultChannelId - -Dio.netty.processId: 22748 (auto-detected)
15:10:33.678 [Forwarding newSession on session null to remote]DEBUG io.netty.util.NetUtil - -Djava.net.preferIPv4Stack: false
15:10:33.679 [Forwarding newSession on session null to remote]DEBUG io.netty.util.NetUtil - -Djava.net.preferIPv6Addresses: false
15:10:33.736 [Forwarding newSession on session null to remote]DEBUG io.netty.util.NetUtilInitializations - Loopback interface: lo (Software Loopback Interface 1, 127.0.0.1)
15:10:33.743 [Forwarding newSession on session null to remote]DEBUG io.netty.util.NetUtil - Failed to get SOMAXCONN from sysctl and file \proc\sys\net\core\somaxconn. Default: 200
15:10:33.884 [Forwarding newSession on session null to remote]DEBUG io.netty.channel.DefaultChannelId - -Dio.netty.machineId: 34:02:86:ff:fe:5c:f3:c8 (auto-detected)
15:10:34.028 [AsyncHttpClient-1-2]DEBUG io.netty.buffer.AbstractByteBuf - -Dio.netty.buffer.checkAccessible: true
15:10:34.029 [AsyncHttpClient-1-2]DEBUG io.netty.buffer.AbstractByteBuf - -Dio.netty.buffer.checkBounds: true
15:10:34.030 [AsyncHttpClient-1-2]DEBUG io.netty.util.ResourceLeakDetectorFactory - Loaded default ResourceLeakDetector: io.netty.util.ResourceLeakDetector@1b0bd842
15:10:34.100 [AsyncHttpClient-1-2]DEBUG io.netty.util.Recycler - -Dio.netty.recycler.maxCapacityPerThread: 4096
15:10:34.100 [AsyncHttpClient-1-2]DEBUG io.netty.util.Recycler - -Dio.netty.recycler.ratio: 8
15:10:34.101 [AsyncHttpClient-1-2]DEBUG io.netty.util.Recycler - -Dio.netty.recycler.chunkSize: 32
15:10:34.101 [AsyncHttpClient-1-2]DEBUG io.netty.util.Recycler - -Dio.netty.recycler.blocking: false
15:10:38.674 [AsyncHttpClient-1-2]DEBUG io.netty.handler.codec.compression.Brotli - brotli4j not in the classpath; Brotli support will be unavailable.
15:10:39.333 [main]DEBUG io.netty.util.internal.ThreadLocalRandom - -Dio.netty.initialSeedUniquifier: 0x600e1a202c8995f1
15:10:39.700 [main]INFO  ProductOrderPlace - chrome browser launched successfully
15:10:52.917 [main]INFO  ProductOrderPlace - https://demoqa.com/ Verifycation is done successfully
15:10:55.742 [main]INFO  ProductOrderPlace - User successfully clicked on Element tab 
15:10:55.795 [main]INFO  ProductOrderPlace - elements tab is expanded
15:10:56.350 [main]INFO  ProductOrderPlace - User successfully clicked on Radio button tab
15:10:56.402 [main]INFO  ProductOrderPlace - On Radio button is disabled
15:10:56.769 [main]INFO  ProductOrderPlace - User successfully clicked on yes radio  button
15:10:57.080 [main]INFO  ProductOrderPlace - User successfully clicked on impressive Radio Button
15:10:57.112 [main]INFO  ProductOrderPlace - Yes Radio button is enabled
15:10:57.146 [main]INFO  ProductOrderPlace - impressive Radio button is enabled
15:10:57.151 [main]INFO  ProductOrderPlace - [TestResult name=launch status=SUCCESS method=DemoqaMainTC1.launch()[pri:0, instance:demoqaMain.DemoqaMainTC1@27406a17] output={null}]
15:11:10.310 [main]INFO  ProductOrderPlace - chrome browser launched successfully
15:11:16.896 [main]INFO  ProductOrderPlace - https://demoqa.com/ Verifycation is done successfully
15:11:17.512 [main]INFO  ProductOrderPlace - User successfully clicked on Element tab 
15:11:17.571 [main]INFO  ProductOrderPlace - elements tab is expanded
15:11:18.381 [main]INFO  ProductOrderPlace - User successfully clicked on Web Element
15:11:18.846 [main]INFO  ProductOrderPlace - User successfully clicked on Add button
15:11:19.075 [main]INFO  ProductOrderPlace - User send naresh text to the first name field
15:11:20.207 [main]INFO  ProductOrderPlace - naresh is matched with naresh in first name
15:11:20.434 [main]INFO  ProductOrderPlace - User send kummari text to the last name field
15:11:21.541 [main]INFO  ProductOrderPlace - kummari is matched with kummari in last name
15:11:21.785 [main]INFO  ProductOrderPlace - User send 33 text to the age field
15:11:22.842 [main]INFO  ProductOrderPlace - 33 is matched with 33 in age
15:11:23.006 [main]INFO  ProductOrderPlace - User send 45435 text to the salary field
15:11:24.086 [main]INFO  ProductOrderPlace - 45435 is matched with 45435 in salary
15:11:24.227 [main]INFO  ProductOrderPlace - User send QE text to the department field
15:11:25.320 [main]INFO  ProductOrderPlace - QE is matched with QE in department
15:11:25.615 [main]INFO  ProductOrderPlace - User send nareshshalivahana1999@gmail.com text to the user Email field
15:11:26.679 [main]INFO  ProductOrderPlace - nareshshalivahana1999@gmail.com is matched with nareshshalivahana1999@gmail.com in user Email
15:11:26.874 [main]INFO  ProductOrderPlace - User successfully clicked on submit
15:11:26.978 [main]INFO  ProductOrderPlace - new record got created within the table
15:11:27.157 [main]INFO  ProductOrderPlace - User successfully clicked on Delete button
15:11:27.176 [main]INFO  ProductOrderPlace - Data got deleted no such element: Unable to locate element: {"method":"xpath","selector":"//div[text()='naresh']"}
  (Session info: headless chrome=109.0.5414.74)
For documentation on this error, please visit: https://selenium.dev/exceptions/#no_such_element
Build info: version: '4.7.1', revision: 'c6795baf1a3'
System info: os.name: 'Windows 10', os.arch: 'amd64', os.version: '10.0', java.version: '17.0.5'
Driver info: org.openqa.selenium.chrome.ChromeDriver
Command: [e642e9c4369b901149809b7e44644ac4, findElement {using=xpath, value=//div[text()='naresh']}]
Capabilities {acceptInsecureCerts: false, browserName: chrome, browserVersion: 109.0.5414.74, chrome: {chromedriverVersion: 109.0.5414.74 (e7c5703604da..., userDataDir: C:\Users\NARESH~1.KUM\AppDa...}, goog:chromeOptions: {debuggerAddress: localhost:50605}, networkConnectionEnabled: false, pageLoadStrategy: normal, platformName: WINDOWS, proxy: Proxy(), se:cdp: ws://localhost:50605/devtoo..., se:cdpVersion: 109.0.5414.74, setWindowRect: true, strictFileInteractability: false, timeouts: {implicit: 0, pageLoad: 300000, script: 30000}, unhandledPromptBehavior: dismiss and notify, webauthn:extension:credBlob: true, webauthn:extension:largeBlob: true, webauthn:virtualAuthenticators: true}
Session ID: e642e9c4369b901149809b7e44644ac4
15:11:27.177 [main]INFO  ProductOrderPlace - [TestResult name=dataCration status=SUCCESS method=DemoqaMainTC2.dataCration()[pri:0, instance:demoqaMain.DemoqaMainTC2@413d1baf] output={null}]
15:11:38.875 [main]INFO  ProductOrderPlace - chrome browser launched successfully
15:11:52.577 [main]INFO  ProductOrderPlace - https://demoqa.com/ Verifycation is done successfully
15:11:54.677 [main]INFO  ProductOrderPlace - User successfully clicked on Froms tab 
15:11:54.870 [main]INFO  ProductOrderPlace - Forms tab is expanded
15:11:57.363 [main]INFO  ProductOrderPlace - User successfully clicked on practice Form button
15:11:59.754 [main]INFO  ProductOrderPlace - User send naresh text to the first name field
15:12:00.804 [main]INFO  ProductOrderPlace - naresh is matched with naresh in first name
15:12:01.035 [main]INFO  ProductOrderPlace - User send kummari text to the last name field
15:12:02.093 [main]INFO  ProductOrderPlace - kummari is matched with kummari in last name
15:12:02.431 [main]INFO  ProductOrderPlace - User send nareshshalivahana1999@gmail.com text to the user Email field
15:12:03.492 [main]INFO  ProductOrderPlace - nareshshalivahana1999@gmail.com is matched with nareshshalivahana1999@gmail.com in user Email
15:12:03.852 [main]INFO  ProductOrderPlace - User successfully clicked on Male radio button
15:12:04.130 [main]INFO  ProductOrderPlace - User send 8397825953 text to the phone number  field
15:12:05.184 [main]INFO  ProductOrderPlace - 8397825953 is matched with 8397825953 in phone number 
15:12:05.946 [main]INFO  ProductOrderPlace - User successfully clicked on Date of birth dropdwn
15:12:11.091 [main]INFO  ProductOrderPlace - User successfully clicked on 2
15:12:11.114 [main]INFO  ProductOrderPlace - Scroll position after scrolling upto an element: 352
15:12:11.569 [main]INFO  ProductOrderPlace - User send English text to the department field
15:12:12.615 [main]INFO  ProductOrderPlace - English is matched with English in department
15:12:14.466 [main]INFO  ProductOrderPlace - User send h-no:1-14 text to the Current address field
15:12:15.543 [main]INFO  ProductOrderPlace - h-no:1-14 is matched with h-no:1-14 in Current address
15:12:15.852 [main]INFO  ProductOrderPlace - User successfully clicked on Sports radio button
15:12:16.436 [main]INFO  ProductOrderPlace - User successfully send C:\Users\naresh.kummari\eclipse-workspace\projectFramework2\src\test\resources\api.png file in the  picture  field
15:12:17.498 [main]INFO  ProductOrderPlace - uploaded file is same
15:12:17.682 [main]INFO  ProductOrderPlace - User successfully clicked on  State
15:12:18.852 [main]INFO  ProductOrderPlace - user successfully selected Haryana
15:12:19.002 [main]INFO  ProductOrderPlace - User successfully clicked on  city drop down
15:12:21.214 [main]INFO  ProductOrderPlace - user successfully selected Karnal
15:12:21.426 [main]INFO  ProductOrderPlace - user successfully clicked on submit
15:12:21.571 [main]INFO  ProductOrderPlace -  Data submited successfully
15:12:21.574 [main]INFO  ProductOrderPlace - [TestResult name=fillForm status=SUCCESS method=DemoqaTC1.fillForm()[pri:0, instance:demoqaMain2812.DemoqaTC1@5524cca1] output={null}]
15:12:27.772 [main]INFO  ProductOrderPlace - chrome browser launched successfully
15:12:33.970 [main]INFO  ProductOrderPlace - https://www.w3.org/WAI/ARIA/apg/example-index/dialog-modal/datepicker-dialog Verifycation is done successfully
15:12:34.100 [main]INFO  ProductOrderPlace - Scroll position after scrolling upto an element: 600
15:12:35.435 [main]INFO  ProductOrderPlace - User successfully clicked on calendar
15:12:35.650 [main]INFO  ProductOrderPlace - User successfully clicked on Year next arrow button and year displayed in the calendar is 2024
15:12:35.763 [main]INFO  ProductOrderPlace - User successfully clicked on Year next arrow button and year displayed in the calendar is 2025
15:12:35.878 [main]INFO  ProductOrderPlace - User successfully clicked on Year next arrow button and year displayed in the calendar is 2026
15:12:35.993 [main]INFO  ProductOrderPlace - User successfully clicked on Year next arrow button and year displayed in the calendar is 2027
15:12:36.101 [main]INFO  ProductOrderPlace - User successfully clicked on Year next arrow button and year displayed in the calendar is 2028
15:12:36.215 [main]INFO  ProductOrderPlace - User successfully clicked on Year next arrow button and year displayed in the calendar is 2029
15:12:36.331 [main]INFO  ProductOrderPlace - User successfully clicked on Year next arrow button and year displayed in the calendar is 2030
15:12:36.438 [main]INFO  ProductOrderPlace - User successfully clicked on Year next arrow button and year displayed in the calendar is 2031
15:12:36.558 [main]INFO  ProductOrderPlace - User successfully clicked on Year next arrow button and year displayed in the calendar is 2032
15:12:36.670 [main]INFO  ProductOrderPlace - User successfully clicked on Year next arrow button and year displayed in the calendar is 2033
15:12:36.783 [main]INFO  ProductOrderPlace - User successfully clicked on Year next arrow button and year displayed in the calendar is 2034
15:12:36.891 [main]INFO  ProductOrderPlace - User successfully clicked on Year next arrow button and year displayed in the calendar is 2035
15:12:36.997 [main]INFO  ProductOrderPlace - User successfully clicked on Year next arrow button and year displayed in the calendar is 2036
15:12:37.113 [main]INFO  ProductOrderPlace - User successfully clicked on Year next arrow button and year displayed in the calendar is 2037
15:12:37.221 [main]INFO  ProductOrderPlace - User successfully clicked on Year next arrow button and year displayed in the calendar is 2038
15:12:37.349 [main]INFO  ProductOrderPlace - User successfully clicked on Year next arrow button and year displayed in the calendar is 2039
15:12:37.476 [main]INFO  ProductOrderPlace - User successfully clicked on Year next arrow button and year displayed in the calendar is 2040
15:12:37.532 [main]INFO  ProductOrderPlace - User changed the month to January 2040
15:12:38.735 [main]INFO  ProductOrderPlace - User changed the month to February 2040
15:12:40.046 [main]INFO  ProductOrderPlace - User changed the month to March 2040
15:12:41.376 [main]INFO  ProductOrderPlace - User changed the month to April 2040
15:12:42.620 [main]INFO  ProductOrderPlace - User changed the month to May 2040
15:12:43.942 [main]INFO  ProductOrderPlace - User changed the month to June 2040
15:12:44.703 [main]INFO  ProductOrderPlace - user selected 19 date
15:12:46.394 [main]INFO  ProductOrderPlace - user Change Date, Tuesday June 19, 2040
15:12:46.430 [main]INFO  ProductOrderPlace - [TestResult name=selectdate status=SUCCESS method=SampleTC2Execution.selectdate()[pri:1, instance:demoqaMain2812.SampleTC2Execution@6fa51cd4] output={null}]
15:12:52.661 [main]INFO  ProductOrderPlace - chrome browser launched successfully
15:12:58.585 [main]INFO  ProductOrderPlace - https://opensource-demo.orangehrmlive.com/web/index.php/auth/login Verifycation is done successfully
15:12:59.665 [main]INFO  ProductOrderPlace - User send admin text to the UserName field field
15:13:00.765 [main]INFO  ProductOrderPlace - admin is matched with admin in UserName field
15:13:01.050 [main]INFO  ProductOrderPlace - User send admin123 text to the PasswordField field
15:13:02.178 [main]INFO  ProductOrderPlace - admin123 is matched with admin123 in PasswordField
15:13:02.516 [main]INFO  ProductOrderPlace - User successfully clicked on Login Button
15:13:03.980 [main]INFO  ProductOrderPlace - https://opensource-demo.orangehrmlive.com/web/index.php/dashboard/index Verifycation is done successfully
15:13:05.472 [main]INFO  ProductOrderPlace - User successfully clicked on Directory
15:13:06.234 [main]INFO  ProductOrderPlace - User successfully clicked on Drop down 
15:13:06.396 [main]INFO  ProductOrderPlace - User send Linda text to the EmployeeName field
15:13:07.446 [main]INFO  ProductOrderPlace - Linda is matched with Linda in EmployeeName
15:13:09.796 [main]INFO  ProductOrderPlace - User successfully clicked on Search button
15:13:11.899 [main]INFO  ProductOrderPlace - Linda Jane Anderson Verifycation is done successfully
15:13:12.159 [main]INFO  ProductOrderPlace - User successfully clicked on profileIocn
15:13:13.038 [main]INFO  ProductOrderPlace - User successfully clicked on LogOutText
15:13:13.049 [main]INFO  ProductOrderPlace - https://opensource-demo.orangehrmlive.com/web/index.php/auth/login Verifycation is done successfully
15:13:13.049 [main]INFO  ProductOrderPlace - [TestResult name=verifyEmployee status=SUCCESS method=OragneHrm.verifyEmployee()[pri:0, instance:orangehrm.OragneHrm@7ce026d3] output={null}]
15:13:17.780 [main]INFO  ProductOrderPlace - chrome browser launched successfully
15:13:28.170 [main]INFO  ProductOrderPlace - https://bitetoothpastebits.com/collections/all Verifycation is done successfully
15:13:29.091 [main]INFO  ProductOrderPlace - User successfully clicked on shop 
15:13:29.111 [main]INFO  ProductOrderPlace - https://bitetoothpastebits.com/collections/all Verifycation is done successfully
15:13:36.154 [main]INFO  ProductOrderPlace - User successfully clicked on mouth wash Bits
15:13:41.264 [main]INFO  ProductOrderPlace - mouth wash Bits is added to the cart
15:13:41.685 [main]INFO  ProductOrderPlace - User successfully clicked on Back button
15:13:42.600 [main]INFO  ProductOrderPlace - User successfully clicked on Oral care button
15:13:44.622 [main]INFO  ProductOrderPlace - https://bitetoothpastebits.com/collections/oral-care Verifycation is done successfully
15:13:48.278 [main]INFO  ProductOrderPlace - User successfully clicked on mouth wash Bits
15:13:52.529 [main]INFO  ProductOrderPlace - mouth wash Bits is added to the cart
15:13:52.786 [main]INFO  ProductOrderPlace - User successfully clicked on Back button
15:13:56.888 [main]INFO  ProductOrderPlace - User successfully clicked on Personal care button
15:13:56.919 [main]INFO  ProductOrderPlace - https://bitetoothpastebits.com/collections/personal-care Verifycation is done successfully
15:14:00.810 [main]INFO  ProductOrderPlace - User successfully clicked on Carbon Capture Cleanser
15:14:04.921 [main]INFO  ProductOrderPlace - Carbon Capture Cleanser is added to the cart
15:14:05.149 [main]INFO  ProductOrderPlace - User successfully clicked on Back button
15:14:09.976 [main]INFO  ProductOrderPlace - User successfully clicked on Bundles button
15:14:10.023 [main]INFO  ProductOrderPlace - https://bitetoothpastebits.com/collections/bundles Verifycation is done successfully
15:14:13.790 [main]INFO  ProductOrderPlace - User successfully clicked on The Starter Kit
15:14:18.922 [main]INFO  ProductOrderPlace - The Starter Kit is added to the cart
15:14:19.161 [main]INFO  ProductOrderPlace - User successfully clicked on Back button
15:14:23.786 [main]INFO  ProductOrderPlace - User successfully clicked on Gift sets button
15:14:23.839 [main]INFO  ProductOrderPlace - https://bitetoothpastebits.com/collections/gift-sets Verifycation is done successfully
15:14:27.606 [main]INFO  ProductOrderPlace - User successfully clicked on The Starter Kit
15:14:32.720 [main]INFO  ProductOrderPlace - The Starter Kit is added to the cart
15:14:33.253 [main]INFO  ProductOrderPlace - User successfully clicked on Back button
15:14:37.855 [main]INFO  ProductOrderPlace - User successfully clicked on Community Favorite button
15:14:38.112 [main]INFO  ProductOrderPlace - https://bitetoothpastebits.com/collections/favorites Verifycation is done successfully
15:14:42.036 [main]INFO  ProductOrderPlace - User successfully clicked on itemName
15:14:45.372 [main]INFO  ProductOrderPlace - mouth wash Bits is added to the cart
15:14:45.676 [main]INFO  ProductOrderPlace - User successfully clicked on Back button
15:14:48.261 [main]INFO  ProductOrderPlace - User successfully clicked on Cart button
15:14:51.637 [main]INFO  ProductOrderPlace - User successfully clicked on Check Out Button
15:14:59.677 [main]INFO  ProductOrderPlace - User successfully clicked on Pop up close button
15:15:02.888 [main]INFO  ProductOrderPlace - [TestResult name=multipleOrder status=SUCCESS method=ProductOrderPlace.multipleOrder()[pri:0, instance:main_bitetooth.ProductOrderPlace@6c284af] output={null}]
