<?xml version="1.0" encoding="UTF-8"?>
<!-- Generated by org.testng.reporters.JUnitXMLReporter -->
<testsuite ignored="0" hostname="TGU1DELL0111" failures="0" tests="1" name="Test" time="3.708" errors="0" timestamp="2023-10-27T15:47:38 IST">
  <testcase classname="common_templet.CommonTemplet" name="@BeforeClass browser" time="3.672">
    <failure type="java.lang.AssertionError" message="null">
      <![CDATA[java.lang.AssertionError: null
at commoc_methods.CommonMethods.lauchingBrowser(CommonMethods.java:137)
at common_templet.CommonTemplet.browser(CommonTemplet.java:40)
at java.base/java.util.ArrayList.forEach(ArrayList.java:1511)
... Removed 27 stack frames]]>
    </failure>
  </testcase> <!-- @BeforeClass browser -->
  <testcase classname="common_templet.CommonTemplet" name="@BeforeClass urlSend" time="0.0">
    <skipped/>
  </testcase> <!-- @BeforeClass urlSend -->
  <testcase classname="common_templet.CommonTemplet" name="@AfterClass closeBrowser" time="0.0">
    <skipped/>
  </testcase> <!-- @AfterClass closeBrowser -->
  <testcase classname="product_store_main.ProductStoreMain17" name="addproduct" time="0.0">
    <skipped/>
  </testcase> <!-- addproduct -->
</testsuite> <!-- Test -->
